  stdafx.cpp
  ivcon.cpp
f:\github\vr\tools\stl2obj\libstl2obj\ivconsample\ivcon.cpp(2703): warning C4305: “=”: 从“double”到“float”截断
f:\github\vr\tools\stl2obj\libstl2obj\ivconsample\ivcon.cpp(2704): warning C4305: “=”: 从“double”到“float”截断
f:\github\vr\tools\stl2obj\libstl2obj\ivconsample\ivcon.cpp(2705): warning C4305: “=”: 从“double”到“float”截断
f:\github\vr\tools\stl2obj\libstl2obj\ivconsample\ivcon.cpp(2740): warning C4305: “=”: 从“double”到“float”截断
f:\github\vr\tools\stl2obj\libstl2obj\ivconsample\ivcon.cpp(2741): warning C4305: “=”: 从“double”到“float”截断
f:\github\vr\tools\stl2obj\libstl2obj\ivconsample\ivcon.cpp(2742): warning C4305: “=”: 从“double”到“float”截断
f:\github\vr\tools\stl2obj\libstl2obj\ivconsample\ivcon.cpp(3035): warning C4305: “=”: 从“double”到“float”截断
f:\github\vr\tools\stl2obj\libstl2obj\ivconsample\ivcon.cpp(3036): warning C4305: “=”: 从“double”到“float”截断
f:\github\vr\tools\stl2obj\libstl2obj\ivconsample\ivcon.cpp(3037): warning C4305: “=”: 从“double”到“float”截断
f:\github\vr\tools\stl2obj\libstl2obj\ivconsample\ivcon.cpp(4212): warning C4244: “=”: 从“double”转换到“float”，可能丢失数据
f:\github\vr\tools\stl2obj\libstl2obj\ivconsample\ivcon.cpp(4239): warning C4244: “=”: 从“double”转换到“float”，可能丢失数据
f:\github\vr\tools\stl2obj\libstl2obj\ivconsample\ivcon.cpp(6569): warning C4244: “=”: 从“double”转换到“float”，可能丢失数据
f:\github\vr\tools\stl2obj\libstl2obj\ivconsample\ivcon.cpp(12081): warning C4244: “=”: 从“double”转换到“float”，可能丢失数据
f:\github\vr\tools\stl2obj\libstl2obj\ivconsample\ivcon.cpp(12085): warning C4244: “=”: 从“double”转换到“float”，可能丢失数据
f:\github\vr\tools\stl2obj\libstl2obj\ivconsample\ivcon.cpp(12088): warning C4244: “=”: 从“double”转换到“float”，可能丢失数据
f:\github\vr\tools\stl2obj\libstl2obj\ivconsample\ivcon.cpp(12094): warning C4244: “=”: 从“double”转换到“float”，可能丢失数据
f:\github\vr\tools\stl2obj\libstl2obj\ivconsample\ivcon.cpp(12098): warning C4244: “=”: 从“double”转换到“float”，可能丢失数据
f:\github\vr\tools\stl2obj\libstl2obj\ivconsample\ivcon.cpp(12659): warning C4244: “=”: 从“double”转换到“float”，可能丢失数据
f:\github\vr\tools\stl2obj\libstl2obj\ivconsample\ivcon.cpp(12663): warning C4244: “=”: 从“double”转换到“float”，可能丢失数据
f:\github\vr\tools\stl2obj\libstl2obj\ivconsample\ivcon.cpp(12664): warning C4244: “=”: 从“double”转换到“float”，可能丢失数据
f:\github\vr\tools\stl2obj\libstl2obj\ivconsample\ivcon.cpp(12721): warning C4244: “=”: 从“double”转换到“float”，可能丢失数据
f:\github\vr\tools\stl2obj\libstl2obj\ivconsample\ivcon.cpp(12725): warning C4244: “=”: 从“int”转换到“float”，可能丢失数据
f:\github\vr\tools\stl2obj\libstl2obj\ivconsample\ivcon.cpp(12727): warning C4244: “=”: 从“double”转换到“float”，可能丢失数据
f:\github\vr\tools\stl2obj\libstl2obj\ivconsample\ivcon.cpp(16150): warning C4244: “=”: 从“double”转换到“float”，可能丢失数据
f:\github\vr\tools\stl2obj\libstl2obj\ivconsample\ivcon.cpp(16151): warning C4244: “=”: 从“double”转换到“float”，可能丢失数据
f:\github\vr\tools\stl2obj\libstl2obj\ivconsample\ivcon.cpp(16152): warning C4244: “=”: 从“double”转换到“float”，可能丢失数据
f:\github\vr\tools\stl2obj\libstl2obj\ivconsample\ivcon.cpp(17793): warning C4244: “=”: 从“double”转换到“float”，可能丢失数据
f:\github\vr\tools\stl2obj\libstl2obj\ivconsample\ivcon.cpp(17894): warning C4244: “=”: 从“double”转换到“float”，可能丢失数据
f:\github\vr\tools\stl2obj\libstl2obj\ivconsample\ivcon.cpp(17901): warning C4244: “=”: 从“double”转换到“float”，可能丢失数据
f:\github\vr\tools\stl2obj\libstl2obj\ivconsample\ivcon.cpp(17902): warning C4244: “=”: 从“double”转换到“float”，可能丢失数据
f:\github\vr\tools\stl2obj\libstl2obj\ivconsample\ivcon.cpp(17903): warning C4244: “=”: 从“double”转换到“float”，可能丢失数据
f:\github\vr\tools\stl2obj\libstl2obj\ivconsample\ivcon.cpp(17905): warning C4244: “=”: 从“double”转换到“float”，可能丢失数据
f:\github\vr\tools\stl2obj\libstl2obj\ivconsample\ivcon.cpp(17906): warning C4244: “=”: 从“double”转换到“float”，可能丢失数据
f:\github\vr\tools\stl2obj\libstl2obj\ivconsample\ivcon.cpp(17907): warning C4244: “=”: 从“double”转换到“float”，可能丢失数据
f:\github\vr\tools\stl2obj\libstl2obj\ivconsample\ivcon.cpp(17909): warning C4244: “=”: 从“double”转换到“float”，可能丢失数据
f:\github\vr\tools\stl2obj\libstl2obj\ivconsample\ivcon.cpp(17910): warning C4244: “=”: 从“double”转换到“float”，可能丢失数据
f:\github\vr\tools\stl2obj\libstl2obj\ivconsample\ivcon.cpp(17911): warning C4244: “=”: 从“double”转换到“float”，可能丢失数据
f:\github\vr\tools\stl2obj\libstl2obj\ivconsample\ivcon.cpp(19225): warning C4244: “=”: 从“double”转换到“float”，可能丢失数据
f:\github\vr\tools\stl2obj\libstl2obj\ivconsample\ivcon.cpp(19226): warning C4244: “=”: 从“double”转换到“float”，可能丢失数据
f:\github\vr\tools\stl2obj\libstl2obj\ivconsample\ivcon.cpp(19227): warning C4244: “=”: 从“double”转换到“float”，可能丢失数据
f:\github\vr\tools\stl2obj\libstl2obj\ivconsample\ivcon.cpp(20150): warning C4305: “=”: 从“double”到“float”截断
f:\github\vr\tools\stl2obj\libstl2obj\ivconsample\ivcon.cpp(20151): warning C4305: “=”: 从“double”到“float”截断
f:\github\vr\tools\stl2obj\libstl2obj\ivconsample\ivcon.cpp(20152): warning C4305: “=”: 从“double”到“float”截断
f:\github\vr\tools\stl2obj\libstl2obj\ivconsample\ivcon.cpp(20154): warning C4305: “=”: 从“double”到“float”截断
f:\github\vr\tools\stl2obj\libstl2obj\ivconsample\ivcon.cpp(20155): warning C4305: “=”: 从“double”到“float”截断
f:\github\vr\tools\stl2obj\libstl2obj\ivconsample\ivcon.cpp(20156): warning C4305: “=”: 从“double”到“float”截断
f:\github\vr\tools\stl2obj\libstl2obj\ivconsample\ivcon.cpp(20162): warning C4305: “=”: 从“double”到“float”截断
f:\github\vr\tools\stl2obj\libstl2obj\ivconsample\ivcon.cpp(20163): warning C4305: “=”: 从“double”到“float”截断
f:\github\vr\tools\stl2obj\libstl2obj\ivconsample\ivcon.cpp(20164): warning C4305: “=”: 从“double”到“float”截断
f:\github\vr\tools\stl2obj\libstl2obj\ivconsample\ivcon.cpp(20166): warning C4305: “=”: 从“double”到“float”截断
f:\github\vr\tools\stl2obj\libstl2obj\ivconsample\ivcon.cpp(20168): warning C4305: “=”: 从“double”到“float”截断
f:\github\vr\tools\stl2obj\libstl2obj\ivconsample\ivcon.cpp(20169): warning C4305: “=”: 从“double”到“float”截断
f:\github\vr\tools\stl2obj\libstl2obj\ivconsample\ivcon.cpp(20170): warning C4305: “=”: 从“double”到“float”截断
f:\github\vr\tools\stl2obj\libstl2obj\ivconsample\ivcon.cpp(20172): warning C4305: “=”: 从“double”到“float”截断
f:\github\vr\tools\stl2obj\libstl2obj\ivconsample\ivcon.cpp(20173): warning C4305: “=”: 从“double”到“float”截断
f:\github\vr\tools\stl2obj\libstl2obj\ivconsample\ivcon.cpp(20174): warning C4305: “=”: 从“double”到“float”截断
f:\github\vr\tools\stl2obj\libstl2obj\ivconsample\ivcon.cpp(20176): warning C4305: “=”: 从“double”到“float”截断
f:\github\vr\tools\stl2obj\libstl2obj\ivconsample\ivcon.cpp(20177): warning C4305: “=”: 从“double”到“float”截断
f:\github\vr\tools\stl2obj\libstl2obj\ivconsample\ivcon.cpp(20178): warning C4305: “=”: 从“double”到“float”截断
f:\github\vr\tools\stl2obj\libstl2obj\ivconsample\ivcon.cpp(20180): warning C4305: “=”: 从“double”到“float”截断
f:\github\vr\tools\stl2obj\libstl2obj\ivconsample\ivcon.cpp(20182): warning C4305: “=”: 从“double”到“float”截断
f:\github\vr\tools\stl2obj\libstl2obj\ivconsample\ivcon.cpp(20183): warning C4305: “=”: 从“double”到“float”截断
f:\github\vr\tools\stl2obj\libstl2obj\ivconsample\ivcon.cpp(20184): warning C4305: “=”: 从“double”到“float”截断
  正在生成代码...
  IvconSample.vcxproj -> F:\GitHub\VR\Tools\stl2obj\libStl2Obj\dllCppTest\Debug\IvconSample.exe
